# JRE version: 7.0_25-b17
# Java VM: Java HotSpot(TM) Client VM (23.25-b01 mixed mode, sharing windows-x86 )
Heap
 def new generation   total 4928K, used 2753K [0x23af0000, 0x24040000, 0x29040000)
  eden space 4416K,  60% used [0x23af0000, 0x23d88e00, 0x23f40000)
  from space 512K,  18% used [0x23fc0000, 0x23fd79a0, 0x24040000)
  to   space 512K,   0% used [0x23f40000, 0x23f40000, 0x23fc0000)
 tenured generation   total 10944K, used 3677K [0x29040000, 0x29af0000, 0x33af0000)
   the space 10944K,  33% used [0x29040000, 0x293d7768, 0x293d7800, 0x29af0000)
 compacting perm gen  total 12288K, used 3284K [0x33af0000, 0x346f0000, 0x37af0000)
   the space 12288K,  26% used [0x33af0000, 0x33e25038, 0x33e25200, 0x346f0000)
    ro space 10240K,  45% used [0x37af0000, 0x37f79b28, 0x37f79c00, 0x384f0000)
    rw space 12288K,  54% used [0x384f0000, 0x38b7d0e8, 0x38b7d200, 0x390f0000)
GC Heap History (10 events):
Event: 1.932 GC heap before
{Heap before GC invocations=0 (full 0):
 def new generation   total 4928K, used 3315K [0x23af0000, 0x24040000, 0x29040000)
  eden space 4416K,  75% used [0x23af0000, 0x23e2cc08, 0x23f40000)
  from space 512K,   0% used [0x23f40000, 0x23f40000, 0x23fc0000)
  to   space 512K,   0% used [0x23fc0000, 0x23fc0000, 0x24040000)
 tenured generation   total 10944K, used 0K [0x29040000, 0x29af0000, 0x33af0000)
   the space 10944K,   0% used [0x29040000, 0x29040000, 0x29040200, 0x29af0000)
 compacting perm gen  total 12288K, used 1975K [0x33af0000, 0x346f0000, 0x37af0000)
   the space 12288K,  16% used [0x33af0000, 0x33cddd88, 0x33cdde00, 0x346f0000)
    ro space 10240K,  45% used [0x37af0000, 0x37f79b28, 0x37f79c00, 0x384f0000)
    rw space 12288K,  54% used [0x384f0000, 0x38b7d0e8, 0x38b7d200, 0x390f0000)
Event: 1.948 GC heap after
Heap after GC invocations=1 (full 0):
 def new generation   total 4928K, used 512K [0x23af0000, 0x24040000, 0x29040000)
  eden space 4416K,   0% used [0x23af0000, 0x23af0000, 0x23f40000)
  from space 512K, 100% used [0x23fc0000, 0x24040000, 0x24040000)
  to   space 512K,   0% used [0x23f40000, 0x23f40000, 0x23fc0000)
 tenured generation   total 10944K, used 724K [0x29040000, 0x29af0000, 0x33af0000)
   the space 10944K,   6% used [0x29040000, 0x290f5048, 0x290f5200, 0x29af0000)
 compacting perm gen  total 12288K, used 1975K [0x33af0000, 0x346f0000, 0x37af0000)
   the space 12288K,  16% used [0x33af0000, 0x33cddd88, 0x33cdde00, 0x346f0000)
    ro space 10240K,  45% used [0x37af0000, 0x37f79b28, 0x37f79c00, 0x384f0000)
    rw space 12288K,  54% used [0x384f0000, 0x38b7d0e8, 0x38b7d200, 0x390f0000)
}
Event: 3.208 GC heap before
{Heap before GC invocations=1 (full 0):
 def new generation   total 4928K, used 4928K [0x23af0000, 0x24040000, 0x29040000)
  eden space 4416K, 100% used [0x23af0000, 0x23f40000, 0x23f40000)
  from space 512K, 100% used [0x23fc0000, 0x24040000, 0x24040000)
  to   space 512K,   0% used [0x23f40000, 0x23f40000, 0x23fc0000)
 tenured generation   total 10944K, used 724K [0x29040000, 0x29af0000, 0x33af0000)
   the space 10944K,   6% used [0x29040000, 0x290f5048, 0x290f5200, 0x29af0000)
 compacting perm gen  total 12288K, used 2460K [0x33af0000, 0x346f0000, 0x37af0000)
   the space 12288K,  20% used [0x33af0000, 0x33d57048, 0x33d57200, 0x346f0000)
    ro space 10240K,  45% used [0x37af0000, 0x37f79b28, 0x37f79c00, 0x384f0000)
    rw space 12288K,  54% used [0x384f0000, 0x38b7d0e8, 0x38b7d200, 0x390f0000)
Event: 3.216 GC heap after
Heap after GC invocations=2 (full 0):
 def new generation   total 4928K, used 466K [0x23af0000, 0x24040000, 0x29040000)
  eden space 4416K,   0% used [0x23af0000, 0x23af0000, 0x23f40000)
  from space 512K,  91% used [0x23f40000, 0x23fb4b98, 0x23fc0000)
  to   space 512K,   0% used [0x23fc0000, 0x23fc0000, 0x24040000)
 tenured generation   total 10944K, used 2605K [0x29040000, 0x29af0000, 0x33af0000)
   the space 10944K,  23% used [0x29040000, 0x292cb5d0, 0x292cb600, 0x29af0000)
 compacting perm gen  total 12288K, used 2460K [0x33af0000, 0x346f0000, 0x37af0000)
   the space 12288K,  20% used [0x33af0000, 0x33d57048, 0x33d57200, 0x346f0000)
    ro space 10240K,  45% used [0x37af0000, 0x37f79b28, 0x37f79c00, 0x384f0000)
    rw space 12288K,  54% used [0x384f0000, 0x38b7d0e8, 0x38b7d200, 0x390f0000)
}
Event: 4.381 GC heap before
{Heap before GC invocations=2 (full 0):
 def new generation   total 4928K, used 4882K [0x23af0000, 0x24040000, 0x29040000)
  eden space 4416K, 100% used [0x23af0000, 0x23f40000, 0x23f40000)
  from space 512K,  91% used [0x23f40000, 0x23fb4b98, 0x23fc0000)
  to   space 512K,   0% used [0x23fc0000, 0x23fc0000, 0x24040000)
 tenured generation   total 10944K, used 2605K [0x29040000, 0x29af0000, 0x33af0000)
   the space 10944K,  23% used [0x29040000, 0x292cb5d0, 0x292cb600, 0x29af0000)
 compacting perm gen  total 12288K, used 2844K [0x33af0000, 0x346f0000, 0x37af0000)
   the space 12288K,  23% used [0x33af0000, 0x33db7220, 0x33db7400, 0x346f0000)
    ro space 10240K,  45% used [0x37af0000, 0x37f79b28, 0x37f79c00, 0x384f0000)
    rw space 12288K,  54% used [0x384f0000, 0x38b7d0e8, 0x38b7d200, 0x390f0000)
Event: 4.387 GC heap after
Heap after GC invocations=3 (full 0):
 def new generation   total 4928K, used 512K [0x23af0000, 0x24040000, 0x29040000)
  eden space 4416K,   0% used [0x23af0000, 0x23af0000, 0x23f40000)
  from space 512K, 100% used [0x23fc0000, 0x24040000, 0x24040000)
  to   space 512K,   0% used [0x23f40000, 0x23f40000, 0x23fc0000)
 tenured generation   total 10944K, used 3067K [0x29040000, 0x29af0000, 0x33af0000)
   the space 10944K,  28% used [0x29040000, 0x2933ecd0, 0x2933ee00, 0x29af0000)
 compacting perm gen  total 12288K, used 2844K [0x33af0000, 0x346f0000, 0x37af0000)
   the space 12288K,  23% used [0x33af0000, 0x33db7220, 0x33db7400, 0x346f0000)
    ro space 10240K,  45% used [0x37af0000, 0x37f79b28, 0x37f79c00, 0x384f0000)
    rw space 12288K,  54% used [0x384f0000, 0x38b7d0e8, 0x38b7d200, 0x390f0000)
}
Event: 4.551 GC heap before
{Heap before GC invocations=3 (full 0):
 def new generation   total 4928K, used 4928K [0x23af0000, 0x24040000, 0x29040000)
  eden space 4416K, 100% used [0x23af0000, 0x23f40000, 0x23f40000)
  from space 512K, 100% used [0x23fc0000, 0x24040000, 0x24040000)
  to   space 512K,   0% used [0x23f40000, 0x23f40000, 0x23fc0000)
 tenured generation   total 10944K, used 3067K [0x29040000, 0x29af0000, 0x33af0000)
   the space 10944K,  28% used [0x29040000, 0x2933ecd0, 0x2933ee00, 0x29af0000)
 compacting perm gen  total 12288K, used 3136K [0x33af0000, 0x346f0000, 0x37af0000)
   the space 12288K,  25% used [0x33af0000, 0x33e00050, 0x33e00200, 0x346f0000)
    ro space 10240K,  45% used [0x37af0000, 0x37f79b28, 0x37f79c00, 0x384f0000)
    rw space 12288K,  54% used [0x384f0000, 0x38b7d0e8, 0x38b7d200, 0x390f0000)
Event: 4.555 GC heap after
Heap after GC invocations=4 (full 0):
 def new generation   total 4928K, used 505K [0x23af0000, 0x24040000, 0x29040000)
  eden space 4416K,   0% used [0x23af0000, 0x23af0000, 0x23f40000)
  from space 512K,  98% used [0x23f40000, 0x23fbe458, 0x23fc0000)
  to   space 512K,   0% used [0x23fc0000, 0x23fc0000, 0x24040000)
 tenured generation   total 10944K, used 3392K [0x29040000, 0x29af0000, 0x33af0000)
   the space 10944K,  30% used [0x29040000, 0x29390188, 0x29390200, 0x29af0000)
 compacting perm gen  total 12288K, used 3136K [0x33af0000, 0x346f0000, 0x37af0000)
   the space 12288K,  25% used [0x33af0000, 0x33e00050, 0x33e00200, 0x346f0000)
    ro space 10240K,  45% used [0x37af0000, 0x37f79b28, 0x37f79c00, 0x384f0000)
    rw space 12288K,  54% used [0x384f0000, 0x38b7d0e8, 0x38b7d200, 0x390f0000)
}
Event: 6.948 GC heap before
{Heap before GC invocations=4 (full 0):
 def new generation   total 4928K, used 4921K [0x23af0000, 0x24040000, 0x29040000)
  eden space 4416K, 100% used [0x23af0000, 0x23f40000, 0x23f40000)
  from space 512K,  98% used [0x23f40000, 0x23fbe458, 0x23fc0000)
  to   space 512K,   0% used [0x23fc0000, 0x23fc0000, 0x24040000)
 tenured generation   total 10944K, used 3392K [0x29040000, 0x29af0000, 0x33af0000)
   the space 10944K,  30% used [0x29040000, 0x29390188, 0x29390200, 0x29af0000)
 compacting perm gen  total 12288K, used 3147K [0x33af0000, 0x346f0000, 0x37af0000)
   the space 12288K,  25% used [0x33af0000, 0x33e02f28, 0x33e03000, 0x346f0000)
    ro space 10240K,  45% used [0x37af0000, 0x37f79b28, 0x37f79c00, 0x384f0000)
    rw space 12288K,  54% used [0x384f0000, 0x38b7d0e8, 0x38b7d200, 0x390f0000)
Event: 6.956 GC heap after
Heap after GC invocations=5 (full 0):
 def new generation   total 4928K, used 94K [0x23af0000, 0x24040000, 0x29040000)
  eden space 4416K,   0% used [0x23af0000, 0x23af0000, 0x23f40000)
  from space 512K,  18% used [0x23fc0000, 0x23fd79a0, 0x24040000)
  to   space 512K,   0% used [0x23f40000, 0x23f40000, 0x23fc0000)
 tenured generation   total 10944K, used 3677K [0x29040000, 0x29af0000, 0x33af0000)
   the space 10944K,  33% used [0x29040000, 0x293d7768, 0x293d7800, 0x29af0000)
 compacting perm gen  total 12288K, used 3147K [0x33af0000, 0x346f0000, 0x37af0000)
   the space 12288K,  25% used [0x33af0000, 0x33e02f28, 0x33e03000, 0x346f0000)
    ro space 10240K,  45% used [0x37af0000, 0x37f79b28, 0x37f79c00, 0x384f0000)
    rw space 12288K,  54% used [0x384f0000, 0x38b7d0e8, 0x38b7d200, 0x390f0000)
}

